<?xml version="1.0" encoding="UTF-8"?>
<testng-results skipped="0" failed="0" total="1" passed="1">
  <reporter-output>
  </reporter-output>
  <suite name="Default suite" duration-ms="13754" started-at="2020-08-22T16:33:05Z" finished-at="2020-08-22T16:33:19Z">
    <groups>
    </groups>
    <test name="Default test" duration-ms="13754" started-at="2020-08-22T16:33:05Z" finished-at="2020-08-22T16:33:19Z">
      <class name="org.ravikiran.selenium.SeleniumJenkins.FirstJenkins">
        <test-method status="PASS" signature="testSetUp()[pri:0, instance:org.ravikiran.selenium.SeleniumJenkins.FirstJenkins@28feb3fa]" name="testSetUp" is-config="true" duration-ms="10068" started-at="2020-08-22T22:03:05Z" finished-at="2020-08-22T22:03:15Z">
          <reporter-output>
          </reporter-output>
        </test-method> <!-- testSetUp -->
        <test-method status="PASS" signature="verifyGooglePageTittle()[pri:0, instance:org.ravikiran.selenium.SeleniumJenkins.FirstJenkins@28feb3fa]" name="verifyGooglePageTittle" duration-ms="2497" started-at="2020-08-22T22:03:15Z" finished-at="2020-08-22T22:03:18Z">
          <reporter-output>
          </reporter-output>
        </test-method> <!-- verifyGooglePageTittle -->
        <test-method status="PASS" signature="tearDown()[pri:0, instance:org.ravikiran.selenium.SeleniumJenkins.FirstJenkins@28feb3fa]" name="tearDown" is-config="true" duration-ms="1123" started-at="2020-08-22T22:03:18Z" finished-at="2020-08-22T22:03:19Z">
          <reporter-output>
          </reporter-output>
        </test-method> <!-- tearDown -->
      </class> <!-- org.ravikiran.selenium.SeleniumJenkins.FirstJenkins -->
    </test> <!-- Default test -->
  </suite> <!-- Default suite -->
</testng-results>
